<?xml version="1.0" encoding="UTF-8"?>
<testExecutions version="1">
  <file path="/Users/noelnuguid/Storage/Truuth/serverless-jest-example/tests/handler.test.js">
    <testCase name="correct greeting is generated" duration="3"/>
  </file>
</testExecutions>